  8
 Etot=         -14.8828293324
 C         -0.0856626703        1.2204288905       -0.0000172436
 C         -1.0937449802        0.3033841559        0.0000187495
 O         -0.5808452932       -0.9281056019       -0.0000101465
 N          0.7658583163       -0.8483264493       -0.0000024065
 C          1.0777123449        0.4164484266        0.0000147190
 H         -0.1532514216        2.2871949437       -0.0000380480
 H         -2.1616986765        0.3911917109        0.0000277869
 H          2.1040888566        0.7220374335        0.0000114239
  8
 Etot=         -14.8828293262
 C         -0.0856930817        1.2204795969        0.0000383179
 C         -1.0937235067        0.3033456870       -0.0000532268
 O         -0.5808533749       -0.9281373131        0.0001152716
 N          0.7658606315       -0.8483928384        0.0000768345
 C          1.0777269169        0.4164261859       -0.0000708451
 H         -0.1532581444        2.2872395252        0.0000931450
 H         -2.1617232982        0.3912220538       -0.0000994129
 H          2.1041203336        0.7220706125       -0.0000952496
  8
 Etot=         -14.8828293324
 C         -0.0856980457        1.2204648615       -0.0000377778
 C         -1.0937198295        0.3033323827        0.0000350803
 O         -0.5808567682       -0.9281346481       -0.0000415711
 N          0.7658617474       -0.8483822269       -0.0000443450
 C          1.0777214995        0.4164237344        0.0000399351
 H         -0.1532418197        2.2872199583       -0.0000866685
 H         -2.1617106621        0.3912401706        0.0000786823
 H          2.1041003543        0.7220892773        0.0000614994
